2023-06-01 22:40:37,838 - INFO - data_dir       :	/home/home/weiyupeng/../qinnan/dataset/UCF-Train-Val-Test/
2023-06-01 22:40:37,838 - INFO - dataset        :	qnrf
2023-06-01 22:40:37,838 - INFO - lr             :	1e-05
2023-06-01 22:40:37,838 - INFO - weight_decay   :	0.0001
2023-06-01 22:40:37,838 - INFO - resume         :	
2023-06-01 22:40:37,838 - INFO - max_epoch      :	1000
2023-06-01 22:40:37,838 - INFO - val_epoch      :	5
2023-06-01 22:40:37,838 - INFO - val_start      :	50
2023-06-01 22:40:37,838 - INFO - batch_size     :	10
2023-06-01 22:40:37,838 - INFO - device         :	0
2023-06-01 22:40:37,838 - INFO - num_workers    :	3
2023-06-01 22:40:37,838 - INFO - crop_size      :	512
2023-06-01 22:40:37,838 - INFO - wot            :	0.1
2023-06-01 22:40:37,838 - INFO - wtv            :	0.01
2023-06-01 22:40:37,838 - INFO - reg            :	10.0
2023-06-01 22:40:37,838 - INFO - num_of_iter_in_ot:	100
2023-06-01 22:40:37,838 - INFO - norm_cood      :	0
2023-06-01 22:40:37,940 - INFO - using 1 gpus
2023-06-01 22:40:54,564 - INFO - random initialization
2023-06-01 22:40:54,646 - INFO - -----Epoch 0/1000-----
